<?xml version="1.0" encoding="UTF-8"?>
<!-- Generated by org.testng.reporters.JUnitXMLReporter -->
<testsuite ignored="0" hostname="Jashwanth977" failures="0" tests="10" name="Default test" time="63.316" errors="0" timestamp="04 Aug 2021 11:19:15 GMT">
  <testcase classname="com.justdial.testcases.HomepageTestCases" name="websiteTest" time="0.031"/>
  <testcase classname="com.justdial.testcases.HomepageTestCases" name="elementsTest" time="0.211"/>
  <testcase classname="com.justdial.testcases.HomepageTestCases" name="loginPageTest" time="0.934"/>
  <testcase classname="com.justdial.testcases.HomepageTestCases" name="locationTest" time="4.475"/>
  <testcase classname="com.justdial.testcases.HomepageTestCases" name="searchingTest" time="3.508"/>
  <testcase classname="com.justdial.testcases.HomepageTestCases" name="resultPageTest" time="0.041"/>
  <testcase classname="com.justdial.testcases.HomepageTestCases" name="bestdealsTest" time="4.158"/>
  <testcase classname="com.justdial.testcases.HomepageTestCases" name="ratingCheck" time="0.181"/>
  <testcase classname="com.justdial.testcases.HomepageTestCases" name="printData" time="34.96"/>
  <testcase classname="com.justdial.testcases.HomepageTestCases" name="dataFromMenubar" time="8.622"/>
</testsuite> <!-- Default test -->
