<?xml version="1.0" encoding="UTF-8"?>
<!-- Generated by org.testng.reporters.JUnitXMLReporter -->
<testsuite ignored="0" hostname="Jashwanth977" failures="0" tests="4" name="Fitness" time="7.181" errors="0" timestamp="26 Jul 2021 08:34:38 GMT">
  <testcase classname="com.justdial.testcases.FitnessTestCases" name="fitness" time="2.179"/>
  <testcase classname="com.justdial.testcases.FitnessTestCases" name="fitnessMenu" time="0.103"/>
  <testcase classname="com.justdial.testcases.FitnessTestCases" name="gym" time="0.955"/>
  <testcase classname="com.justdial.testcases.FitnessTestCases" name="gymMenu" time="0.124"/>
</testsuite> <!-- Fitness -->
