<?xml version="1.0" encoding="UTF-8"?>
<!-- Generated by org.testng.reporters.JUnitXMLReporter -->
<testsuite ignored="0" hostname="Jashwanth977" failures="0" tests="6" name="Freelisting" time="26.949" errors="0" timestamp="26 Jul 2021 08:34:31 GMT">
  <testcase classname="com.justdial.testcases.FreelistingTestCases" name="launch" time="7.571"/>
  <testcase classname="com.justdial.testcases.FreelistingTestCases" name="allNullValues" time="2.436"/>
  <testcase classname="com.justdial.testcases.FreelistingTestCases" name="companyNullValue" time="0.768"/>
  <testcase classname="com.justdial.testcases.FreelistingTestCases" name="mobileNullValue" time="4.356"/>
  <testcase classname="com.justdial.testcases.FreelistingTestCases" name="cityNullvalue" time="4.481"/>
  <testcase classname="com.justdial.testcases.FreelistingTestCases" name="validDataTest" time="2.182"/>
</testsuite> <!-- Freelisting -->
