<?xml version="1.0" encoding="UTF-8"?>
<!-- Generated by org.testng.reporters.JUnitXMLReporter -->
<testsuite ignored="0" hostname="Jashwanth977" failures="0" tests="10" name="Homepage" time="61.849" errors="0" timestamp="26 Jul 2021 08:34:04 GMT">
  <testcase classname="com.justdial.testcases.HomepageTestCases" name="websiteTest" time="0.036"/>
  <testcase classname="com.justdial.testcases.HomepageTestCases" name="elementsTest" time="0.19"/>
  <testcase classname="com.justdial.testcases.HomepageTestCases" name="loginPageTest" time="0.3"/>
  <testcase classname="com.justdial.testcases.HomepageTestCases" name="locationTest" time="4.2"/>
  <testcase classname="com.justdial.testcases.HomepageTestCases" name="searchingTest" time="2.29"/>
  <testcase classname="com.justdial.testcases.HomepageTestCases" name="resultPageTest" time="0.171"/>
  <testcase classname="com.justdial.testcases.HomepageTestCases" name="bestdealsTest" time="3.472"/>
  <testcase classname="com.justdial.testcases.HomepageTestCases" name="ratingCheck" time="0.14"/>
  <testcase classname="com.justdial.testcases.HomepageTestCases" name="printData" time="34.477"/>
  <testcase classname="com.justdial.testcases.HomepageTestCases" name="dataFromMenubar" time="10.838"/>
</testsuite> <!-- Homepage -->
