<?xml version="1.0" encoding="UTF-8"?>
<!-- Generated by org.testng.reporters.JUnitXMLReporter -->
<testsuite ignored="0" hostname="Jashwanth977" failures="0" tests="3" name="Test" time="23.429" errors="0" timestamp="26 Jul 2021 08:29:02 GMT">
  <testcase classname="com.justdial.testcases.FreelistingTestCases" name="launch" time="7.503"/>
  <testcase classname="com.justdial.testcases.HomepageTestCases" name="websiteTest" time="0.013"/>
  <testcase classname="com.justdial.testcases.FitnessTestCases" name="fitness" time="2.114"/>
</testsuite> <!-- Test -->
