<?xml version="1.0" encoding="UTF-8"?>
<!-- Generated by org.testng.reporters.JUnitXMLReporter -->
<testsuite ignored="0" hostname="Jashwanth977" failures="0" tests="4" name="Fitness" time="8.272" errors="0" timestamp="05 Aug 2021 09:50:37 GMT">
  <testcase classname="com.justdial.testcases.FitnessTestCases" name="fitness" time="2.811"/>
  <testcase classname="com.justdial.testcases.FitnessTestCases" name="fitnessMenu" time="0.505"/>
  <testcase classname="com.justdial.testcases.FitnessTestCases" name="gym" time="1.217"/>
  <testcase classname="com.justdial.testcases.FitnessTestCases" name="gymMenu" time="0.342"/>
</testsuite> <!-- Fitness -->
