<?xml version="1.0" encoding="UTF-8"?>
<testsuite xmlns:xsi="http://www.w3.org/2001/XMLSchema-instance" xsi:noNamespaceSchemaLocation="https://maven.apache.org/surefire/maven-surefire-plugin/xsd/surefire-test-report.xsd" name="TestSuite" time="96.375" tests="20" errors="0" skipped="0" failures="0">
  <properties>
[...]
</properties>
  <testcase name="websiteTest" classname="com.justdial.testcases.HomepageTestCases" time="0.025"/>
  <testcase name="elementsTest" classname="com.justdial.testcases.HomepageTestCases" time="0.153"/>
  <testcase name="loginPageTest" classname="com.justdial.testcases.HomepageTestCases" time="0.724"/>
  <testcase name="locationTest" classname="com.justdial.testcases.HomepageTestCases" time="4.013"/>
  <testcase name="searchingTest" classname="com.justdial.testcases.HomepageTestCases" time="3.427"/>
  <testcase name="resultPageTest" classname="com.justdial.testcases.HomepageTestCases" time="0.034"/>
  <testcase name="bestdealsTest" classname="com.justdial.testcases.HomepageTestCases" time="3.715"/>
  <testcase name="ratingCheck" classname="com.justdial.testcases.HomepageTestCases" time="0.083"/>
  <testcase name="printData" classname="com.justdial.testcases.HomepageTestCases" time="33.778"/>
  <testcase name="dataFromMenubar" classname="com.justdial.testcases.HomepageTestCases" time="7.606"/>
  <testcase name="launch" classname="com.justdial.testcases.FreelistingTestCases" time="8.451"/>
  <testcase name="allNullValues" classname="com.justdial.testcases.FreelistingTestCases" time="2.531"/>
  <testcase name="companyNullValue" classname="com.justdial.testcases.FreelistingTestCases" time="0.733"/>
  <testcase name="mobileNullValue" classname="com.justdial.testcases.FreelistingTestCases" time="4.46"/>
  <testcase name="cityNullvalue" classname="com.justdial.testcases.FreelistingTestCases" time="4.437"/>
  <testcase name="validDataTest" classname="com.justdial.testcases.FreelistingTestCases" time="2.562"/>
  <testcase name="fitness" classname="com.justdial.testcases.FitnessTestCases" time="2.81"/>
  <testcase name="fitnessMenu" classname="com.justdial.testcases.FitnessTestCases" time="0.506"/>
  <testcase name="gym" classname="com.justdial.testcases.FitnessTestCases" time="1.217"/>
  <testcase name="gymMenu" classname="com.justdial.testcases.FitnessTestCases" time="0.342"/>
</testsuite>