<?xml version="1.0" encoding="UTF-8"?>
<testng-results ignored="0" total="20" passed="20" failed="0" skipped="0">
  <reporter-output>
  </reporter-output>
  <suite started-at="2021-08-05T09:49:02Z" name="Suite" finished-at="2021-08-05T09:50:37Z" duration-ms="94768">
    <groups>
    </groups>
    <test started-at="2021-08-05T09:49:02Z" name="Homepage" finished-at="2021-08-05T09:50:01Z" duration-ms="58562">
      <class name="com.justdial.testcases.HomepageTestCases">
        <test-method is-config="true" signature="Browser()[pri:0, instance:com.justdial.testcases.HomepageTestCases@18e36d14]" started-at="2021-08-05T09:49:02Z" name="Browser" finished-at="2021-08-05T09:49:07Z" duration-ms="4287" status="PASS">
          <reporter-output>
          </reporter-output>
        </test-method> <!-- Browser -->
        <test-method signature="websiteTest()[pri:1, instance:com.justdial.testcases.HomepageTestCases@18e36d14]" started-at="2021-08-05T09:49:07Z" name="websiteTest" finished-at="2021-08-05T09:49:07Z" duration-ms="23" status="PASS">
          <reporter-output>
          </reporter-output>
        </test-method> <!-- websiteTest -->
        <test-method signature="elementsTest()[pri:2, instance:com.justdial.testcases.HomepageTestCases@18e36d14]" started-at="2021-08-05T09:49:07Z" name="elementsTest" finished-at="2021-08-05T09:49:07Z" duration-ms="155" status="PASS">
          <reporter-output>
          </reporter-output>
        </test-method> <!-- elementsTest -->
        <test-method signature="loginPageTest()[pri:3, instance:com.justdial.testcases.HomepageTestCases@18e36d14]" started-at="2021-08-05T09:49:07Z" name="loginPageTest" finished-at="2021-08-05T09:49:08Z" duration-ms="723" status="PASS">
          <reporter-output>
          </reporter-output>
        </test-method> <!-- loginPageTest -->
        <test-method signature="locationTest()[pri:4, instance:com.justdial.testcases.HomepageTestCases@18e36d14]" started-at="2021-08-05T09:49:08Z" name="locationTest" finished-at="2021-08-05T09:49:12Z" duration-ms="4013" status="PASS">
          <reporter-output>
          </reporter-output>
        </test-method> <!-- locationTest -->
        <test-method signature="searchingTest()[pri:5, instance:com.justdial.testcases.HomepageTestCases@18e36d14]" started-at="2021-08-05T09:49:12Z" name="searchingTest" finished-at="2021-08-05T09:49:15Z" depends-on-methods="com.justdial.testcases.HomepageTestCases.locationTest" duration-ms="3427" status="PASS">
          <reporter-output>
          </reporter-output>
        </test-method> <!-- searchingTest -->
        <test-method signature="resultPageTest()[pri:6, instance:com.justdial.testcases.HomepageTestCases@18e36d14]" started-at="2021-08-05T09:49:15Z" name="resultPageTest" finished-at="2021-08-05T09:49:15Z" depends-on-methods="com.justdial.testcases.HomepageTestCases.searchingTest" duration-ms="34" status="PASS">
          <reporter-output>
          </reporter-output>
        </test-method> <!-- resultPageTest -->
        <test-method signature="bestdealsTest()[pri:7, instance:com.justdial.testcases.HomepageTestCases@18e36d14]" started-at="2021-08-05T09:49:15Z" name="bestdealsTest" finished-at="2021-08-05T09:49:19Z" depends-on-methods="com.justdial.testcases.HomepageTestCases.resultPageTest" duration-ms="3716" status="PASS">
          <reporter-output>
          </reporter-output>
        </test-method> <!-- bestdealsTest -->
        <test-method signature="ratingCheck()[pri:8, instance:com.justdial.testcases.HomepageTestCases@18e36d14]" started-at="2021-08-05T09:49:19Z" name="ratingCheck" finished-at="2021-08-05T09:49:19Z" depends-on-methods="com.justdial.testcases.HomepageTestCases.bestdealsTest" duration-ms="82" status="PASS">
          <reporter-output>
          </reporter-output>
        </test-method> <!-- ratingCheck -->
        <test-method signature="printData()[pri:9, instance:com.justdial.testcases.HomepageTestCases@18e36d14]" started-at="2021-08-05T09:49:19Z" name="printData" finished-at="2021-08-05T09:49:53Z" depends-on-methods="com.justdial.testcases.HomepageTestCases.ratingCheck" duration-ms="33779" status="PASS">
          <reporter-output>
          </reporter-output>
        </test-method> <!-- printData -->
        <test-method signature="dataFromMenubar()[pri:10, instance:com.justdial.testcases.HomepageTestCases@18e36d14]" started-at="2021-08-05T09:49:53Z" name="dataFromMenubar" finished-at="2021-08-05T09:50:00Z" duration-ms="7606" status="PASS">
          <reporter-output>
          </reporter-output>
        </test-method> <!-- dataFromMenubar -->
        <test-method is-config="true" signature="terminate()[pri:0, instance:com.justdial.testcases.HomepageTestCases@18e36d14]" started-at="2021-08-05T09:50:00Z" name="terminate" finished-at="2021-08-05T09:50:01Z" duration-ms="686" status="PASS">
          <reporter-output>
          </reporter-output>
        </test-method> <!-- terminate -->
      </class> <!-- com.justdial.testcases.HomepageTestCases -->
    </test> <!-- Homepage -->
    <test started-at="2021-08-05T09:50:01Z" name="Freelisting" finished-at="2021-08-05T09:50:29Z" duration-ms="27868">
      <class name="com.justdial.testcases.FreelistingTestCases">
        <test-method is-config="true" signature="browser()[pri:0, instance:com.justdial.testcases.FreelistingTestCases@20f5281c]" started-at="2021-08-05T09:50:01Z" name="browser" finished-at="2021-08-05T09:50:04Z" duration-ms="3266" status="PASS">
          <reporter-output>
          </reporter-output>
        </test-method> <!-- browser -->
        <test-method signature="launch()[pri:1, instance:com.justdial.testcases.FreelistingTestCases@20f5281c]" started-at="2021-08-05T09:50:04Z" name="launch" finished-at="2021-08-05T09:50:13Z" duration-ms="8451" status="PASS">
          <reporter-output>
          </reporter-output>
        </test-method> <!-- launch -->
        <test-method signature="allNullValues()[pri:2, instance:com.justdial.testcases.FreelistingTestCases@20f5281c]" started-at="2021-08-05T09:50:13Z" name="allNullValues" finished-at="2021-08-05T09:50:15Z" duration-ms="2532" status="PASS">
          <reporter-output>
          </reporter-output>
        </test-method> <!-- allNullValues -->
        <test-method signature="companyNullValue(java.lang.String, java.lang.String, java.lang.String, java.lang.String, java.lang.String)[pri:3, instance:com.justdial.testcases.FreelistingTestCases@20f5281c]" started-at="2021-08-05T09:50:16Z" name="companyNullValue" data-provider="testData" finished-at="2021-08-05T09:50:17Z" duration-ms="733" status="PASS">
          <params>
            <param index="0">
              <value>
                <![CDATA[Audi Car Wash Service]]>
              </value>
            </param>
            <param index="1">
              <value>
                <![CDATA[Jashwanth]]>
              </value>
            </param>
            <param index="2">
              <value>
                <![CDATA[Chandhra]]>
              </value>
            </param>
            <param index="3">
              <value>
                <![CDATA[9849288369]]>
              </value>
            </param>
            <param index="4">
              <value>
                <![CDATA[22447878]]>
              </value>
            </param>
          </params>
          <reporter-output>
          </reporter-output>
        </test-method> <!-- companyNullValue -->
        <test-method signature="mobileNullValue(java.lang.String, java.lang.String, java.lang.String, java.lang.String, java.lang.String)[pri:4, instance:com.justdial.testcases.FreelistingTestCases@20f5281c]" started-at="2021-08-05T09:50:17Z" name="mobileNullValue" data-provider="testData" finished-at="2021-08-05T09:50:22Z" duration-ms="4460" status="PASS">
          <params>
            <param index="0">
              <value>
                <![CDATA[Audi Car Wash Service]]>
              </value>
            </param>
            <param index="1">
              <value>
                <![CDATA[Jashwanth]]>
              </value>
            </param>
            <param index="2">
              <value>
                <![CDATA[Chandhra]]>
              </value>
            </param>
            <param index="3">
              <value>
                <![CDATA[9849288369]]>
              </value>
            </param>
            <param index="4">
              <value>
                <![CDATA[22447878]]>
              </value>
            </param>
          </params>
          <reporter-output>
          </reporter-output>
        </test-method> <!-- mobileNullValue -->
        <test-method signature="cityNullvalue(java.lang.String, java.lang.String, java.lang.String, java.lang.String, java.lang.String)[pri:5, instance:com.justdial.testcases.FreelistingTestCases@20f5281c]" started-at="2021-08-05T09:50:22Z" name="cityNullvalue" data-provider="testData" finished-at="2021-08-05T09:50:26Z" duration-ms="4436" status="PASS">
          <params>
            <param index="0">
              <value>
                <![CDATA[Audi Car Wash Service]]>
              </value>
            </param>
            <param index="1">
              <value>
                <![CDATA[Jashwanth]]>
              </value>
            </param>
            <param index="2">
              <value>
                <![CDATA[Chandhra]]>
              </value>
            </param>
            <param index="3">
              <value>
                <![CDATA[9849288369]]>
              </value>
            </param>
            <param index="4">
              <value>
                <![CDATA[22447878]]>
              </value>
            </param>
          </params>
          <reporter-output>
          </reporter-output>
        </test-method> <!-- cityNullvalue -->
        <test-method signature="validDataTest(java.lang.String, java.lang.String, java.lang.String, java.lang.String, java.lang.String)[pri:6, instance:com.justdial.testcases.FreelistingTestCases@20f5281c]" started-at="2021-08-05T09:50:26Z" name="validDataTest" data-provider="testData" finished-at="2021-08-05T09:50:29Z" duration-ms="2562" status="PASS">
          <params>
            <param index="0">
              <value>
                <![CDATA[Audi Car Wash Service]]>
              </value>
            </param>
            <param index="1">
              <value>
                <![CDATA[Jashwanth]]>
              </value>
            </param>
            <param index="2">
              <value>
                <![CDATA[Chandhra]]>
              </value>
            </param>
            <param index="3">
              <value>
                <![CDATA[9849288369]]>
              </value>
            </param>
            <param index="4">
              <value>
                <![CDATA[22447878]]>
              </value>
            </param>
          </params>
          <reporter-output>
          </reporter-output>
        </test-method> <!-- validDataTest -->
        <test-method is-config="true" signature="terminate()[pri:0, instance:com.justdial.testcases.FreelistingTestCases@20f5281c]" started-at="2021-08-05T09:50:29Z" name="terminate" finished-at="2021-08-05T09:50:29Z" duration-ms="265" status="PASS">
          <reporter-output>
          </reporter-output>
        </test-method> <!-- terminate -->
      </class> <!-- com.justdial.testcases.FreelistingTestCases -->
    </test> <!-- Freelisting -->
    <test started-at="2021-08-05T09:50:29Z" name="Fitness" finished-at="2021-08-05T09:50:37Z" duration-ms="8272">
      <class name="com.justdial.testcases.FitnessTestCases">
        <test-method is-config="true" signature="browser()[pri:0, instance:com.justdial.testcases.FitnessTestCases@768fc0f2]" started-at="2021-08-05T09:50:29Z" name="browser" finished-at="2021-08-05T09:50:32Z" duration-ms="3132" status="PASS">
          <reporter-output>
          </reporter-output>
        </test-method> <!-- browser -->
        <test-method signature="fitness()[pri:1, instance:com.justdial.testcases.FitnessTestCases@768fc0f2]" started-at="2021-08-05T09:50:32Z" name="fitness" finished-at="2021-08-05T09:50:35Z" duration-ms="2811" status="PASS">
          <reporter-output>
          </reporter-output>
        </test-method> <!-- fitness -->
        <test-method signature="fitnessMenu()[pri:2, instance:com.justdial.testcases.FitnessTestCases@768fc0f2]" started-at="2021-08-05T09:50:35Z" name="fitnessMenu" finished-at="2021-08-05T09:50:35Z" duration-ms="505" status="PASS">
          <reporter-output>
          </reporter-output>
        </test-method> <!-- fitnessMenu -->
        <test-method signature="gym()[pri:3, instance:com.justdial.testcases.FitnessTestCases@768fc0f2]" started-at="2021-08-05T09:50:35Z" name="gym" finished-at="2021-08-05T09:50:37Z" duration-ms="1217" status="PASS">
          <reporter-output>
          </reporter-output>
        </test-method> <!-- gym -->
        <test-method signature="gymMenu()[pri:4, instance:com.justdial.testcases.FitnessTestCases@768fc0f2]" started-at="2021-08-05T09:50:37Z" name="gymMenu" finished-at="2021-08-05T09:50:37Z" duration-ms="342" status="PASS">
          <reporter-output>
          </reporter-output>
        </test-method> <!-- gymMenu -->
        <test-method is-config="true" signature="terminate()[pri:0, instance:com.justdial.testcases.FitnessTestCases@768fc0f2]" started-at="2021-08-05T09:50:37Z" name="terminate" finished-at="2021-08-05T09:50:37Z" duration-ms="262" status="PASS">
          <reporter-output>
          </reporter-output>
        </test-method> <!-- terminate -->
      </class> <!-- com.justdial.testcases.FitnessTestCases -->
    </test> <!-- Fitness -->
  </suite> <!-- Suite -->
</testng-results>
